time="2024-01-15T18:15:38+02:00" level=info msg="Logger has been configurated" func=postgresTakeWords/internal/log.NewLogAndSetLevel file="/home/mvmir/Рабочий стол/postgres1/translator_gorm_client/postgresTakeWords/internal/log/log.go:31"
time="2024-01-15T18:15:38+02:00" level=info msg="Config has been parsed" func=postgresTakeWords/internal/config.NewConfig file="/home/mvmir/Рабочий стол/postgres1/translator_gorm_client/postgresTakeWords/internal/config/config.go:35"
time="2024-01-15T18:15:38+02:00" level=info msg="logger level has been configurated" func=postgresTakeWords/internal/log.SetLevel file="/home/mvmir/Рабочий стол/postgres1/translator_gorm_client/postgresTakeWords/internal/log/log.go:43"
time="2024-01-15T18:15:38+02:00" level=info msg="Start competition" func=main.main file="/home/mvmir/Рабочий стол/postgres1/translator_gorm_client/postgresTakeWords/cmd/main.go:36"
time="2024-01-15T18:15:46+02:00" level=info msg="&{j j}" func="postgresTakeWords/internal/services.(*UserService).UserExistsOrRegistration" file="/home/mvmir/Рабочий стол/postgres1/translator_gorm_client/postgresTakeWords/internal/services/user_service.go:62"
time="2024-01-15T18:15:47+02:00" level=info msg="LOGIN_CLIENT success eyJhbGciOiJIUzI1NiIsInR5cCI6IkpXVCJ9.eyJleHAiOjE3MDUzNDIzNDcsImlkIjoiNmFkZDI5NTMtNzk2Ny00Zjg0LTlkNzctMDlhYjZhMWEwZDk0Iiwicm9sZSI6ImoifQ.WJzKaVxubZQvYJ3myuWT2u8BE7JQpY8t0jxOHLKg3RQ" func="postgresTakeWords/internal/services.(*UserService).UserExistsOrRegistration" file="/home/mvmir/Рабочий стол/postgres1/translator_gorm_client/postgresTakeWords/internal/services/user_service.go:75"
time="2024-01-15T18:15:47+02:00" level=info msg="UserExistsOrRegistration invoked success" func="postgresTakeWords/internal/services.(*UserService).UserExistsOrRegistration" file="/home/mvmir/Рабочий стол/postgres1/translator_gorm_client/postgresTakeWords/internal/services/user_service.go:82"
time="2024-01-15T18:16:00+02:00" level=info msg=4 func="postgresTakeWords/internal/services.(*UserService).TestWords" file="/home/mvmir/Рабочий стол/postgres1/translator_gorm_client/postgresTakeWords/internal/services/user_service.go:96"
time="2024-01-15T18:16:07+02:00" level=info msg="&{Answer:success}" func="postgresTakeWords/internal/clients.(*userClient).AddWordToLearn" file="/home/mvmir/Рабочий стол/postgres1/translator_gorm_client/postgresTakeWords/internal/clients/user_client.go:315"
time="2024-01-15T18:16:22+02:00" level=info msg="&{Answer:success}" func="postgresTakeWords/internal/clients.(*userClient).AddWordToLearn" file="/home/mvmir/Рабочий стол/postgres1/translator_gorm_client/postgresTakeWords/internal/clients/user_client.go:315"
time="2024-01-15T18:16:36+02:00" level=info msg="&{Answer:success}" func="postgresTakeWords/internal/clients.(*userClient).AddWordToLearn" file="/home/mvmir/Рабочий стол/postgres1/translator_gorm_client/postgresTakeWords/internal/clients/user_client.go:315"
time="2024-01-15T18:16:43+02:00" level=info msg="&{Answer:success}" func="postgresTakeWords/internal/clients.(*userClient).MoveWordToLearned" file="/home/mvmir/Рабочий стол/postgres1/translator_gorm_client/postgresTakeWords/internal/clients/user_client.go:260"
time="2024-01-15T18:17:41+02:00" level=info msg="Logger has been configurated" func=postgresTakeWords/internal/log.NewLogAndSetLevel file="/home/mvmir/Рабочий стол/postgres1/translator_gorm_client/postgresTakeWords/internal/log/log.go:31"
time="2024-01-15T18:17:41+02:00" level=info msg="Config has been parsed" func=postgresTakeWords/internal/config.NewConfig file="/home/mvmir/Рабочий стол/postgres1/translator_gorm_client/postgresTakeWords/internal/config/config.go:35"
time="2024-01-15T18:17:41+02:00" level=info msg="logger level has been configurated" func=postgresTakeWords/internal/log.SetLevel file="/home/mvmir/Рабочий стол/postgres1/translator_gorm_client/postgresTakeWords/internal/log/log.go:43"
time="2024-01-15T18:17:41+02:00" level=info msg="Start competition" func=main.main file="/home/mvmir/Рабочий стол/postgres1/translator_gorm_client/postgresTakeWords/cmd/main.go:36"
time="2024-01-15T18:17:44+02:00" level=info msg="&{j j}" func="postgresTakeWords/internal/services.(*UserService).UserExistsOrRegistration" file="/home/mvmir/Рабочий стол/postgres1/translator_gorm_client/postgresTakeWords/internal/services/user_service.go:62"
time="2024-01-15T18:17:45+02:00" level=info msg="LOGIN_CLIENT success eyJhbGciOiJIUzI1NiIsInR5cCI6IkpXVCJ9.eyJleHAiOjE3MDUzNDI0NjUsImlkIjoiNmFkZDI5NTMtNzk2Ny00Zjg0LTlkNzctMDlhYjZhMWEwZDk0Iiwicm9sZSI6ImoifQ.vfcKyd7jkmjYXqmljKwuaHz7GzQ-iIZXTEiavpX-RwU" func="postgresTakeWords/internal/services.(*UserService).UserExistsOrRegistration" file="/home/mvmir/Рабочий стол/postgres1/translator_gorm_client/postgresTakeWords/internal/services/user_service.go:75"
time="2024-01-15T18:17:45+02:00" level=info msg="UserExistsOrRegistration invoked success" func="postgresTakeWords/internal/services.(*UserService).UserExistsOrRegistration" file="/home/mvmir/Рабочий стол/postgres1/translator_gorm_client/postgresTakeWords/internal/services/user_service.go:82"
time="2024-01-15T18:24:06+02:00" level=info msg="Logger has been configurated" func=postgresTakeWords/internal/log.NewLogAndSetLevel file="/home/mvmir/Рабочий стол/postgres1/translator_gorm_client/postgresTakeWords/internal/log/log.go:31"
time="2024-01-15T18:24:06+02:00" level=info msg="Config has been parsed" func=postgresTakeWords/internal/config.NewConfig file="/home/mvmir/Рабочий стол/postgres1/translator_gorm_client/postgresTakeWords/internal/config/config.go:35"
time="2024-01-15T18:24:06+02:00" level=info msg="logger level has been configurated" func=postgresTakeWords/internal/log.SetLevel file="/home/mvmir/Рабочий стол/postgres1/translator_gorm_client/postgresTakeWords/internal/log/log.go:43"
time="2024-01-15T18:24:06+02:00" level=info msg="Start competition" func=main.main file="/home/mvmir/Рабочий стол/postgres1/translator_gorm_client/postgresTakeWords/cmd/main.go:36"
time="2024-01-15T18:24:09+02:00" level=info msg="LOGIN_CLIENT success eyJhbGciOiJIUzI1NiIsInR5cCI6IkpXVCJ9.eyJleHAiOjE3MDUzNDI4NDksImlkIjoiNmFkZDI5NTMtNzk2Ny00Zjg0LTlkNzctMDlhYjZhMWEwZDk0Iiwicm9sZSI6ImoifQ.H1coGh-a534_vZq0Qn0CwkRjnnGDF0KVcWogqxVPpXA" func="postgresTakeWords/internal/services.(*UserService).UserExistsOrRegistration" file="/home/mvmir/Рабочий стол/postgres1/translator_gorm_client/postgresTakeWords/internal/services/user_service.go:74"
time="2024-01-15T18:24:09+02:00" level=info msg="UserExistsOrRegistration invoked success" func="postgresTakeWords/internal/services.(*UserService).UserExistsOrRegistration" file="/home/mvmir/Рабочий стол/postgres1/translator_gorm_client/postgresTakeWords/internal/services/user_service.go:83"
time="2024-01-15T18:35:23+02:00" level=info msg="Logger has been configurated" func=postgresTakeWords/internal/log.NewLogAndSetLevel file="/home/mvmir/Рабочий стол/postgres1/translator_gorm_client/postgresTakeWords/internal/log/log.go:31"
time="2024-01-15T18:35:23+02:00" level=info msg="Config has been parsed" func=postgresTakeWords/internal/config.NewConfig file="/home/mvmir/Рабочий стол/postgres1/translator_gorm_client/postgresTakeWords/internal/config/config.go:35"
time="2024-01-15T18:35:23+02:00" level=info msg="logger level has been configurated" func=postgresTakeWords/internal/log.SetLevel file="/home/mvmir/Рабочий стол/postgres1/translator_gorm_client/postgresTakeWords/internal/log/log.go:43"
time="2024-01-15T18:35:23+02:00" level=info msg="Start competition" func=main.main file="/home/mvmir/Рабочий стол/postgres1/translator_gorm_client/postgresTakeWords/cmd/main.go:36"
time="2024-01-15T18:35:52+02:00" level=info msg="Logger has been configurated" func=postgresTakeWords/internal/log.NewLogAndSetLevel file="/home/mvmir/Рабочий стол/postgres1/translator_gorm_client/postgresTakeWords/internal/log/log.go:31"
time="2024-01-15T18:35:52+02:00" level=info msg="Config has been parsed" func=postgresTakeWords/internal/config.NewConfig file="/home/mvmir/Рабочий стол/postgres1/translator_gorm_client/postgresTakeWords/internal/config/config.go:35"
time="2024-01-15T18:35:52+02:00" level=info msg="logger level has been configurated" func=postgresTakeWords/internal/log.SetLevel file="/home/mvmir/Рабочий стол/postgres1/translator_gorm_client/postgresTakeWords/internal/log/log.go:43"
time="2024-01-15T18:35:52+02:00" level=info msg="Start competition" func=main.main file="/home/mvmir/Рабочий стол/postgres1/translator_gorm_client/postgresTakeWords/cmd/main.go:36"
time="2024-01-15T18:36:44+02:00" level=info msg="LOGIN_CLIENT success eyJhbGciOiJIUzI1NiIsInR5cCI6IkpXVCJ9.eyJleHAiOjE3MDUzNDM2MDQsImlkIjoiZTRmZWQwODctNzkyOS00NzZlLWE0ZDUtYzljNDljMjJkMzcwIiwicm9sZSI6ImFkbWluIn0.5Nhz0QITVAK-xXA5VYQV-8qA_KlvTL9tvQf4i9_wmdw" func="postgresTakeWords/internal/services.(*UserService).UserExistsOrRegistration" file="/home/mvmir/Рабочий стол/postgres1/translator_gorm_client/postgresTakeWords/internal/services/user_service.go:74"
time="2024-01-15T18:36:44+02:00" level=info msg="UserExistsOrRegistration invoked success" func="postgresTakeWords/internal/services.(*UserService).UserExistsOrRegistration" file="/home/mvmir/Рабочий стол/postgres1/translator_gorm_client/postgresTakeWords/internal/services/user_service.go:83"
time="2024-01-18T14:11:03+02:00" level=info msg="Logger has been configurated" func=postgresTakeWords/internal/log.NewLogAndSetLevel file="/home/mvmir/Рабочий стол/postgres1/translator_gorm_client/postgresTakeWords/internal/log/log.go:31"
time="2024-01-18T14:11:03+02:00" level=info msg="Config has been parsed" func=postgresTakeWords/internal/config.NewConfig file="/home/mvmir/Рабочий стол/postgres1/translator_gorm_client/postgresTakeWords/internal/config/config.go:35"
time="2024-01-18T14:11:03+02:00" level=info msg="logger level has been configurated" func=postgresTakeWords/internal/log.SetLevel file="/home/mvmir/Рабочий стол/postgres1/translator_gorm_client/postgresTakeWords/internal/log/log.go:43"
time="2024-01-18T14:11:03+02:00" level=info msg="Start competition" func=main.main file="/home/mvmir/Рабочий стол/postgres1/translator_gorm_client/postgresTakeWords/cmd/main.go:36"
time="2024-01-18T14:11:39+02:00" level=info msg="LOGIN_CLIENT success eyJhbGciOiJIUzI1NiIsInR5cCI6IkpXVCJ9.eyJleHAiOjE3MDU1ODY4OTksImlkIjoiOWU0NWJhNWEtY2M3OC00NGE2LWE5YTEtOTAyMjgyZjkyY2I2Iiwicm9sZSI6ImFkbWluIn0.pF_6-6cLPmkQzwUEDqg-_2fqWsz21yNMIndrfU1qa0Q" func="postgresTakeWords/internal/services.(*UserService).UserExistsOrRegistration" file="/home/mvmir/Рабочий стол/postgres1/translator_gorm_client/postgresTakeWords/internal/services/user_service.go:74"
time="2024-01-18T14:11:39+02:00" level=info msg="UserExistsOrRegistration invoked success" func="postgresTakeWords/internal/services.(*UserService).UserExistsOrRegistration" file="/home/mvmir/Рабочий стол/postgres1/translator_gorm_client/postgresTakeWords/internal/services/user_service.go:83"
time="2024-01-18T14:11:48+02:00" level=info msg=2 func="postgresTakeWords/internal/services.(*UserService).TestWords" file="/home/mvmir/Рабочий стол/postgres1/translator_gorm_client/postgresTakeWords/internal/services/user_service.go:97"
time="2024-01-18T14:11:53+02:00" level=info msg="&{Answer:success}" func="postgresTakeWords/internal/clients.(*userClient).MoveWordToLearned" file="/home/mvmir/Рабочий стол/postgres1/translator_gorm_client/postgresTakeWords/internal/clients/user_client.go:260"
time="2024-01-18T14:12:00+02:00" level=info msg="&{Answer:success}" func="postgresTakeWords/internal/clients.(*userClient).AddWordToLearn" file="/home/mvmir/Рабочий стол/postgres1/translator_gorm_client/postgresTakeWords/internal/clients/user_client.go:315"
time="2024-01-18T14:12:14+02:00" level=info msg=2 func="postgresTakeWords/internal/services.(*UserService).TestWords" file="/home/mvmir/Рабочий стол/postgres1/translator_gorm_client/postgresTakeWords/internal/services/user_service.go:97"
time="2024-01-18T14:12:18+02:00" level=info msg="&{Answer:success}" func="postgresTakeWords/internal/clients.(*userClient).MoveWordToLearned" file="/home/mvmir/Рабочий стол/postgres1/translator_gorm_client/postgresTakeWords/internal/clients/user_client.go:260"
time="2024-01-18T14:12:29+02:00" level=info msg="&{Answer:success}" func="postgresTakeWords/internal/clients.(*userClient).AddWordToLearn" file="/home/mvmir/Рабочий стол/postgres1/translator_gorm_client/postgresTakeWords/internal/clients/user_client.go:315"
time="2024-01-20T11:45:06+02:00" level=info msg="Logger has been configurated" func=client/internal/log.NewLogAndSetLevel file="/home/mvmir/Рабочий стол/postgres1/client_server_psql/client/internal/log/log.go:31"
time="2024-01-20T11:45:06+02:00" level=info msg="Config has been parsed" func=client/internal/config.NewConfig file="/home/mvmir/Рабочий стол/postgres1/client_server_psql/client/internal/config/config.go:35"
time="2024-01-20T11:45:06+02:00" level=info msg="logger level has been configurated" func=client/internal/log.SetLevel file="/home/mvmir/Рабочий стол/postgres1/client_server_psql/client/internal/log/log.go:43"
time="2024-01-20T11:45:06+02:00" level=info msg="Start competition" func=main.main file="/home/mvmir/Рабочий стол/postgres1/client_server_psql/client/cmd/main.go:36"
time="2024-01-20T11:45:36+02:00" level=error msg="CLIENT_USER_ERR: Failed to CreateUserErr : [error [<nil>] is [\"Failed to CreateUser : [ERROR: column \\\"email\\\" of relation \\\"users\\\" does not exist (SQLSTATE 42703)]\"\n]]" func="client/internal/clients.(*userClient).CreateUser" file="/home/mvmir/Рабочий стол/postgres1/client_server_psql/client/internal/clients/user_client.go:90"
time="2024-01-20T11:45:36+02:00" level=error msg="CLIENT_USER_ERR: Failed to CreateUserErr : [error [<nil>] is [\"Failed to CreateUser : [ERROR: column \\\"email\\\" of relation \\\"users\\\" does not exist (SQLSTATE 42703)]\"\n]]" func="client/internal/services.(*UserService).UserExistsOrRegistration" file="/home/mvmir/Рабочий стол/postgres1/client_server_psql/client/internal/services/user_service.go:46"
time="2024-01-20T11:45:36+02:00" level=error msg="CLIENT_USER_ERR: Failed to CreateUserErr : [error [<nil>] is [\"Failed to CreateUser : [ERROR: column \\\"email\\\" of relation \\\"users\\\" does not exist (SQLSTATE 42703)]\"\n]]" func="client/internal/competition.(*Competition).StartCompetition" file="/home/mvmir/Рабочий стол/postgres1/client_server_psql/client/internal/competition/comp.go:35"
time="2024-01-20T12:33:33+02:00" level=info msg="Logger has been configurated" func=client/internal/log.NewLogAndSetLevel file="/home/mvmir/Рабочий стол/postgres1/client_server_psql/client/internal/log/log.go:31"
time="2024-01-20T12:33:33+02:00" level=info msg="Config has been parsed" func=client/internal/config.NewConfig file="/home/mvmir/Рабочий стол/postgres1/client_server_psql/client/internal/config/config.go:35"
time="2024-01-20T12:33:33+02:00" level=info msg="logger level has been configurated" func=client/internal/log.SetLevel file="/home/mvmir/Рабочий стол/postgres1/client_server_psql/client/internal/log/log.go:43"
time="2024-01-20T12:33:33+02:00" level=info msg="Start competition" func=main.main file="/home/mvmir/Рабочий стол/postgres1/client_server_psql/client/cmd/main.go:36"
time="2024-01-20T12:34:09+02:00" level=info msg="LOGIN_CLIENT success eyJhbGciOiJIUzI1NiIsInR5cCI6IkpXVCJ9.eyJleHAiOjE3MDU3NTM4NDksImlkIjoiNzVlYTc0ZTUtODJlMS00MmE2LTg2MDItNjNhNzE4NmQ3YTAwIiwicm9sZSI6ImFkbWluIn0.7GHQbdhlSRngNcW3YLkg3VzB1E4-FzjeAYmMFzw9QRg" func="client/internal/services.(*UserService).UserExistsOrRegistration" file="/home/mvmir/Рабочий стол/postgres1/client_server_psql/client/internal/services/user_service.go:74"
time="2024-01-20T12:34:09+02:00" level=info msg="UserExistsOrRegistration invoked success" func="client/internal/services.(*UserService).UserExistsOrRegistration" file="/home/mvmir/Рабочий стол/postgres1/client_server_psql/client/internal/services/user_service.go:83"
time="2024-01-20T12:34:16+02:00" level=info msg=5 func="client/internal/services.(*UserService).TestWords" file="/home/mvmir/Рабочий стол/postgres1/client_server_psql/client/internal/services/user_service.go:97"
time="2024-01-20T12:34:54+02:00" level=info msg="&{Answer:success}" func="client/internal/clients.(*userClient).AddWordToLearn" file="/home/mvmir/Рабочий стол/postgres1/client_server_psql/client/internal/clients/user_client.go:315"
time="2024-01-20T12:35:04+02:00" level=info msg="&{Answer:success}" func="client/internal/clients.(*userClient).MoveWordToLearned" file="/home/mvmir/Рабочий стол/postgres1/client_server_psql/client/internal/clients/user_client.go:260"
time="2024-01-20T12:35:10+02:00" level=info msg="&{Answer:success}" func="client/internal/clients.(*userClient).MoveWordToLearned" file="/home/mvmir/Рабочий стол/postgres1/client_server_psql/client/internal/clients/user_client.go:260"
time="2024-01-20T12:35:27+02:00" level=info msg="&{Answer:success}" func="client/internal/clients.(*userClient).AddWordToLearn" file="/home/mvmir/Рабочий стол/postgres1/client_server_psql/client/internal/clients/user_client.go:315"
time="2024-01-20T12:35:31+02:00" level=info msg="&{Answer:success}" func="client/internal/clients.(*userClient).MoveWordToLearned" file="/home/mvmir/Рабочий стол/postgres1/client_server_psql/client/internal/clients/user_client.go:260"
time="2024-01-20T12:36:04+02:00" level=info msg=2 func="client/internal/services.(*UserService).TestWords" file="/home/mvmir/Рабочий стол/postgres1/client_server_psql/client/internal/services/user_service.go:97"
time="2024-01-20T12:36:10+02:00" level=info msg="&{Answer:success}" func="client/internal/clients.(*userClient).MoveWordToLearned" file="/home/mvmir/Рабочий стол/postgres1/client_server_psql/client/internal/clients/user_client.go:260"
time="2024-01-20T12:36:24+02:00" level=info msg="&{Answer:success}" func="client/internal/clients.(*userClient).AddWordToLearn" file="/home/mvmir/Рабочий стол/postgres1/client_server_psql/client/internal/clients/user_client.go:315"
time="2024-01-20T12:36:40+02:00" level=info msg=2 func="client/internal/services.(*UserService).TestWords" file="/home/mvmir/Рабочий стол/postgres1/client_server_psql/client/internal/services/user_service.go:97"
time="2024-01-20T12:36:47+02:00" level=info msg="&{Answer:success}" func="client/internal/clients.(*userClient).MoveWordToLearned" file="/home/mvmir/Рабочий стол/postgres1/client_server_psql/client/internal/clients/user_client.go:260"
time="2024-01-20T12:36:54+02:00" level=info msg="&{Answer:success}" func="client/internal/clients.(*userClient).AddWordToLearn" file="/home/mvmir/Рабочий стол/postgres1/client_server_psql/client/internal/clients/user_client.go:315"
time="2024-01-20T12:37:02+02:00" level=info msg="Logger has been configurated" func=client/internal/log.NewLogAndSetLevel file="/home/mvmir/Рабочий стол/postgres1/client_server_psql/client/internal/log/log.go:31"
time="2024-01-20T12:37:02+02:00" level=info msg="Config has been parsed" func=client/internal/config.NewConfig file="/home/mvmir/Рабочий стол/postgres1/client_server_psql/client/internal/config/config.go:35"
time="2024-01-20T12:37:02+02:00" level=info msg="logger level has been configurated" func=client/internal/log.SetLevel file="/home/mvmir/Рабочий стол/postgres1/client_server_psql/client/internal/log/log.go:43"
time="2024-01-20T12:37:02+02:00" level=info msg="Start competition" func=main.main file="/home/mvmir/Рабочий стол/postgres1/client_server_psql/client/cmd/main.go:36"
time="2024-01-20T12:37:06+02:00" level=info msg="LOGIN_CLIENT success eyJhbGciOiJIUzI1NiIsInR5cCI6IkpXVCJ9.eyJleHAiOjE3MDU3NTQwMjYsImlkIjoiNzVlYTc0ZTUtODJlMS00MmE2LTg2MDItNjNhNzE4NmQ3YTAwIiwicm9sZSI6ImFkbWluIn0.yHy17G6z9nPgSBtgDfHYGjuQ4izNmbxbbnXyXK2MqAI" func="client/internal/services.(*UserService).UserExistsOrRegistration" file="/home/mvmir/Рабочий стол/postgres1/client_server_psql/client/internal/services/user_service.go:74"
time="2024-01-20T12:37:06+02:00" level=info msg="UserExistsOrRegistration invoked success" func="client/internal/services.(*UserService).UserExistsOrRegistration" file="/home/mvmir/Рабочий стол/postgres1/client_server_psql/client/internal/services/user_service.go:83"
time="2024-01-20T12:37:13+02:00" level=info msg=5 func="client/internal/services.(*UserService).TestWords" file="/home/mvmir/Рабочий стол/postgres1/client_server_psql/client/internal/services/user_service.go:97"
time="2024-01-20T12:37:17+02:00" level=info msg="&{Answer:success}" func="client/internal/clients.(*userClient).MoveWordToLearned" file="/home/mvmir/Рабочий стол/postgres1/client_server_psql/client/internal/clients/user_client.go:260"
time="2024-01-20T12:37:25+02:00" level=info msg="&{Answer:success}" func="client/internal/clients.(*userClient).MoveWordToLearned" file="/home/mvmir/Рабочий стол/postgres1/client_server_psql/client/internal/clients/user_client.go:260"
time="2024-01-20T12:37:33+02:00" level=info msg="&{Answer:success}" func="client/internal/clients.(*userClient).MoveWordToLearned" file="/home/mvmir/Рабочий стол/postgres1/client_server_psql/client/internal/clients/user_client.go:260"
time="2024-01-20T12:37:40+02:00" level=info msg="&{Answer:success}" func="client/internal/clients.(*userClient).MoveWordToLearned" file="/home/mvmir/Рабочий стол/postgres1/client_server_psql/client/internal/clients/user_client.go:260"
time="2024-01-20T12:37:51+02:00" level=info msg="&{Answer:success}" func="client/internal/clients.(*userClient).MoveWordToLearned" file="/home/mvmir/Рабочий стол/postgres1/client_server_psql/client/internal/clients/user_client.go:260"
